This file contains any messages produced by compilers while
running configure, to aid debugging if configure makes a mistake.

It was created by configure, which was
generated by GNU Autoconf 2.69.  Invocation command line was

  $ ./configure --with-problem=mls --enable-mpi

## --------- ##
## Platform. ##
## --------- ##

hostname = login02
uname -m = x86_64
uname -r = 5.3.18-150300.59.63-default
uname -s = Linux
uname -v = #1 SMP Tue Apr 5 12:47:31 UTC 2022 (d77db66)

/usr/bin/uname -p = x86_64
/bin/uname -X     = unknown

/bin/arch              = x86_64
/usr/bin/arch -k       = unknown
/usr/convex/getsysinfo = unknown
/usr/bin/hostinfo      = unknown
/bin/machine           = unknown
/usr/bin/oslevel       = unknown
/bin/universe          = unknown

PATH: /dss/lrzsys/sys/spack/release/22.2.1/opt/skylake_avx512/hdf5/1.8.22-intel-gxkcfci/bin
PATH: /dss/lrzsys/sys/spack/release/22.2.1/opt/x86_64/intel-oneapi-mkl/2022.2.0-gcc-gjgwnml/mkl/2022.2.0/bin/intel64
PATH: /lrz/sys/tools/intel-oneapi-mpi-wrappers/bin/
PATH: /dss/lrzsys/sys/spack/release/22.2.1/opt/x86_64/intel-oneapi-mpi/2021.7.0-gcc-4y4ywgv/mpi/2021.7.0//libfabric/bin
PATH: /dss/lrzsys/sys/spack/release/22.2.1/opt/x86_64/intel-oneapi-mpi/2021.7.0-gcc-4y4ywgv/mpi/2021.7.0//bin
PATH: /dss/lrzsys/sys/spack/release/22.2.1/opt/x86_64/intel-oneapi-compilers/2022.2.0-gcc-3h32hs7/debugger/2021.7.0/gdb/intel64/bin
PATH: /dss/lrzsys/sys/spack/release/22.2.1/opt/x86_64/intel-oneapi-compilers/2022.2.0-gcc-3h32hs7/compiler/2022.2.0/linux/lib/oclfpga/bin
PATH: /dss/lrzsys/sys/spack/release/22.2.1/opt/x86_64/intel-oneapi-compilers/2022.2.0-gcc-3h32hs7/compiler/2022.2.0/linux/bin/intel64
PATH: /dss/lrzsys/sys/spack/release/22.2.1/opt/x86_64/intel-oneapi-compilers/2022.2.0-gcc-3h32hs7/compiler/2022.2.0/linux/bin
PATH: /lrz/sys/bin
PATH: /lrz/sys/tools/modules/5.1.1/bin
PATH: /usr/local/bin
PATH: /usr/bin
PATH: /bin
PATH: /lrz/sys/share/Thin_Node/bin


## ----------- ##
## Core tests. ##
## ----------- ##

configure:2142: checking for gcc
configure:2169: result: icx
configure:2398: checking for C compiler version
configure:2407: icx --version >&5
Intel(R) oneAPI DPC++/C++ Compiler 2022.2.0 (2022.2.0.20220730)
Target: x86_64-unknown-linux-gnu
Thread model: posix
InstalledDir: /dss/lrzsys/sys/spack/release/22.2.1/opt/x86_64/intel-oneapi-compilers/2022.2.0-gcc-3h32hs7/compiler/2022.2.0/linux/bin-llvm
Configuration file: /dss/lrzsys/sys/spack/release/22.2.1/opt/x86_64/intel-oneapi-compilers/2022.2.0-gcc-3h32hs7/compiler/2022.2.0/linux/bin/icx.cfg
configure:2418: $? = 0
configure:2407: icx -v >&5
Intel(R) oneAPI DPC++/C++ Compiler 2022.2.0 (2022.2.0.20220730)
Target: x86_64-unknown-linux-gnu
Thread model: posix
InstalledDir: /dss/lrzsys/sys/spack/release/22.2.1/opt/x86_64/intel-oneapi-compilers/2022.2.0-gcc-3h32hs7/compiler/2022.2.0/linux/bin-llvm
Configuration file: /dss/lrzsys/sys/spack/release/22.2.1/opt/x86_64/intel-oneapi-compilers/2022.2.0-gcc-3h32hs7/compiler/2022.2.0/linux/bin/icx.cfg
Found candidate GCC installation: /usr/lib64/gcc/x86_64-suse-linux/7
Selected GCC installation: /usr/lib64/gcc/x86_64-suse-linux/7
Candidate multilib: .;@m64
Selected multilib: .;@m64
configure:2418: $? = 0
configure:2407: icx -V >&5
Intel(R) oneAPI DPC++/C++ Compiler for applications running on Intel(R) 64, Version 2022.2.0 Build 20220730
Copyright (C) 1985-2022 Intel Corporation. All rights reserved.

configure:2418: $? = 0
configure:2407: icx -qversion >&5
icx: error: unknown argument '-qversion'; did you mean '--version'?
icx: error: no input files
configure:2418: $? = 1
configure:2438: checking whether the C compiler works
configure:2460: icx    conftest.c  >&5
configure:2464: $? = 0
configure:2512: result: yes
configure:2515: checking for C compiler default output file name
configure:2517: result: a.out
configure:2523: checking for suffix of executables
configure:2530: icx -o conftest    conftest.c  >&5
configure:2534: $? = 0
configure:2556: result: 
configure:2578: checking whether we are cross compiling
configure:2586: icx -o conftest    conftest.c  >&5
configure:2590: $? = 0
configure:2597: ./conftest
configure:2601: $? = 0
configure:2616: result: no
configure:2621: checking for suffix of object files
configure:2643: icx -c   conftest.c >&5
configure:2647: $? = 0
configure:2668: result: o
configure:2672: checking whether we are using the GNU C compiler
configure:2691: icx -c   conftest.c >&5
configure:2691: $? = 0
configure:2700: result: yes
configure:2709: checking whether icx accepts -g
configure:2729: icx -c -g  conftest.c >&5
configure:2729: $? = 0
configure:2770: result: yes
configure:2787: checking for icx option to accept ISO C89
configure:2850: icx  -c -g -O2  conftest.c >&5
conftest.c:15:14: warning: a function definition without a prototype is deprecated in all versions of C and is not supported in C2x [-Wdeprecated-non-prototype]
static char *e (p, i)
             ^
1 warning generated.
configure:2850: $? = 0
configure:2863: result: none needed
configure:2926: checking for a BSD-compatible install
configure:2994: result: /usr/bin/install -c
configure:3662: checking how to run the C preprocessor
configure:3732: result: icx -E
configure:3752: icx -E  conftest.c
configure:3752: $? = 0
configure:3766: icx -E  conftest.c
conftest.c:9:10: fatal error: 'ac_nonexistent.h' file not found
#include <ac_nonexistent.h>
         ^~~~~~~~~~~~~~~~~~
1 error generated.
configure:3766: $? = 1
configure: failed program was:
| /* confdefs.h */
| #define PACKAGE_NAME ""
| #define PACKAGE_TARNAME ""
| #define PACKAGE_VERSION ""
| #define PACKAGE_STRING ""
| #define PACKAGE_BUGREPORT ""
| #define PACKAGE_URL ""
| /* end confdefs.h.  */
| #include <ac_nonexistent.h>
configure:3795: checking for grep that handles long lines and -e
configure:3853: result: /usr/bin/grep
configure:3858: checking for egrep
configure:3920: result: /usr/bin/grep -E
configure:3926: checking whether icx needs -traditional
configure:3960: result: no
configure:3969: checking for strdup
configure:3969: icx -o conftest -g -O2   conftest.c  >&5
conftest.c:32:6: warning: incompatible redeclaration of library function 'strdup' [-Wincompatible-library-redeclaration]
char strdup ();
     ^
conftest.c:32:6: note: 'strdup' is a builtin with type 'char *(const char *)'
1 warning generated.
configure:3969: $? = 0
configure:3969: result: yes
configure:3978: checking for ANSI C header files
configure:3998: icx -c -g -O2  conftest.c >&5
configure:3998: $? = 0
configure:4071: icx -o conftest -g -O2   conftest.c  >&5
configure:4071: $? = 0
configure:4071: ./conftest
configure:4071: $? = 0
configure:4082: result: yes
configure:4095: checking for sys/types.h
configure:4095: icx -c -g -O2  conftest.c >&5
configure:4095: $? = 0
configure:4095: result: yes
configure:4095: checking for sys/stat.h
configure:4095: icx -c -g -O2  conftest.c >&5
configure:4095: $? = 0
configure:4095: result: yes
configure:4095: checking for stdlib.h
configure:4095: icx -c -g -O2  conftest.c >&5
configure:4095: $? = 0
configure:4095: result: yes
configure:4095: checking for string.h
configure:4095: icx -c -g -O2  conftest.c >&5
configure:4095: $? = 0
configure:4095: result: yes
configure:4095: checking for memory.h
configure:4095: icx -c -g -O2  conftest.c >&5
configure:4095: $? = 0
configure:4095: result: yes
configure:4095: checking for strings.h
configure:4095: icx -c -g -O2  conftest.c >&5
configure:4095: $? = 0
configure:4095: result: yes
configure:4095: checking for inttypes.h
configure:4095: icx -c -g -O2  conftest.c >&5
configure:4095: $? = 0
configure:4095: result: yes
configure:4095: checking for stdint.h
configure:4095: icx -c -g -O2  conftest.c >&5
configure:4095: $? = 0
configure:4095: result: yes
configure:4095: checking for unistd.h
configure:4095: icx -c -g -O2  conftest.c >&5
configure:4095: $? = 0
configure:4095: result: yes
configure:4107: checking whether byte ordering is bigendian
configure:4122: icx -c -g -O2  conftest.c >&5
conftest.c:21:9: error: unknown type name 'not'
               not a universal capable compiler
               ^
conftest.c:21:14: error: expected ';' after top level declarator
               not a universal capable compiler
                    ^
                    ;
2 errors generated.
configure:4122: $? = 1
configure: failed program was:
| /* confdefs.h */
| #define PACKAGE_NAME ""
| #define PACKAGE_TARNAME ""
| #define PACKAGE_VERSION ""
| #define PACKAGE_STRING ""
| #define PACKAGE_BUGREPORT ""
| #define PACKAGE_URL ""
| #define HAVE_STRDUP 1
| #define STDC_HEADERS 1
| #define HAVE_SYS_TYPES_H 1
| #define HAVE_SYS_STAT_H 1
| #define HAVE_STDLIB_H 1
| #define HAVE_STRING_H 1
| #define HAVE_MEMORY_H 1
| #define HAVE_STRINGS_H 1
| #define HAVE_INTTYPES_H 1
| #define HAVE_STDINT_H 1
| #define HAVE_UNISTD_H 1
| /* end confdefs.h.  */
| #ifndef __APPLE_CC__
| 	       not a universal capable compiler
| 	     #endif
| 	     typedef int dummy;
| 
configure:4167: icx -c -g -O2  conftest.c >&5
configure:4167: $? = 0
configure:4185: icx -c -g -O2  conftest.c >&5
conftest.c:27:4: error: use of undeclared identifier 'not'
                 not big endian
                 ^
1 error generated.
configure:4185: $? = 1
configure: failed program was:
| /* confdefs.h */
| #define PACKAGE_NAME ""
| #define PACKAGE_TARNAME ""
| #define PACKAGE_VERSION ""
| #define PACKAGE_STRING ""
| #define PACKAGE_BUGREPORT ""
| #define PACKAGE_URL ""
| #define HAVE_STRDUP 1
| #define STDC_HEADERS 1
| #define HAVE_SYS_TYPES_H 1
| #define HAVE_SYS_STAT_H 1
| #define HAVE_STDLIB_H 1
| #define HAVE_STRING_H 1
| #define HAVE_MEMORY_H 1
| #define HAVE_STRINGS_H 1
| #define HAVE_INTTYPES_H 1
| #define HAVE_STDINT_H 1
| #define HAVE_UNISTD_H 1
| /* end confdefs.h.  */
| #include <sys/types.h>
| 		#include <sys/param.h>
| 
| int
| main ()
| {
| #if BYTE_ORDER != BIG_ENDIAN
| 		 not big endian
| 		#endif
| 
|   ;
|   return 0;
| }
configure:4313: result: no
configure:4463: creating ./config.status

## ---------------------- ##
## Running config.status. ##
## ---------------------- ##

This file was extended by config.status, which was
generated by GNU Autoconf 2.69.  Invocation command line was

  CONFIG_FILES    = 
  CONFIG_HEADERS  = 
  CONFIG_LINKS    = 
  CONFIG_COMMANDS = 
  $ ./config.status 

on login02

config.status:848: creating Makefile
config.status:848: creating Makeoptions
config.status:848: creating src/Makefile
config.status:848: creating src/defs.h
config.status:848: creating src/fftsrc/Makefile
config.status:848: creating src/gravity/Makefile
config.status:848: creating src/integrators/Makefile
config.status:848: creating src/microphysics/Makefile
config.status:848: creating src/reconstruction/Makefile
config.status:848: creating src/rsolvers/Makefile
config.status:848: creating src/particles/Makefile
config.status:848: creating src/config.h
config.status:1023: src/config.h is unchanged

## ---------------- ##
## Cache variables. ##
## ---------------- ##

ac_cv_c_bigendian=no
ac_cv_c_compiler_gnu=yes
ac_cv_env_CC_set=set
ac_cv_env_CC_value=icx
ac_cv_env_CFLAGS_set=
ac_cv_env_CFLAGS_value=
ac_cv_env_CPPFLAGS_set=
ac_cv_env_CPPFLAGS_value=
ac_cv_env_CPP_set=set
ac_cv_env_CPP_value='icx -E'
ac_cv_env_LDFLAGS_set=
ac_cv_env_LDFLAGS_value=
ac_cv_env_LIBS_set=
ac_cv_env_LIBS_value=
ac_cv_env_build_alias_set=
ac_cv_env_build_alias_value=
ac_cv_env_host_alias_set=
ac_cv_env_host_alias_value=
ac_cv_env_target_alias_set=
ac_cv_env_target_alias_value=
ac_cv_func_strdup=yes
ac_cv_header_inttypes_h=yes
ac_cv_header_memory_h=yes
ac_cv_header_stdc=yes
ac_cv_header_stdint_h=yes
ac_cv_header_stdlib_h=yes
ac_cv_header_string_h=yes
ac_cv_header_strings_h=yes
ac_cv_header_sys_stat_h=yes
ac_cv_header_sys_types_h=yes
ac_cv_header_unistd_h=yes
ac_cv_objext=o
ac_cv_path_EGREP='/usr/bin/grep -E'
ac_cv_path_GREP=/usr/bin/grep
ac_cv_path_install='/usr/bin/install -c'
ac_cv_prog_CPP='icx -E'
ac_cv_prog_ac_ct_CC=icx
ac_cv_prog_cc_c89=
ac_cv_prog_cc_g=yes
ac_cv_prog_gcc_traditional=no

## ----------------- ##
## Output variables. ##
## ----------------- ##

ACCURACY='THIRD_ORDER_CHAR'
A_CONFIGURE_DATE='Tue Aug 15 02:39:18 CEST 2023'
CC='icx'
CFLAGS='-g -O2'
COMPILER_OPTS='-O3'
CONDUCTION_MODE='NO_THERMAL_CONDUCTION'
COORD='CARTESIAN'
CPP='icx -E'
CPPFLAGS=''
DEBUG_MODE='OPTIMIZE'
DEFS='-DHAVE_CONFIG_H'
ECHO_C=''
ECHO_N='-n'
ECHO_T=''
EGREP='/usr/bin/grep -E'
EOS='ADIABATIC'
EXEEXT=''
FARGO_MODE='NO_FARGO'
FEEDBACK_DEFINE='NO_FEEDBACK'
FFT_MODE='NO_FFT'
FLUX_DEF='ROE_FLUX'
FLUX_NAME='roe'
FOFC_MODE='NO_FIRST_ORDER_FLUX_CORRECTION'
GAS='MHD'
GREP='/usr/bin/grep'
H_CORRECTION_MODE='NO_H_CORRECTION'
INSTALL_DATA='${INSTALL} -m 644'
INSTALL_PROGRAM='${INSTALL}'
INSTALL_SCRIPT='${INSTALL}'
INTEGRATOR='ctu'
INTEGRATOR_DEF='CTU_INTEGRATOR'
L1_INFLOW_MODE='NO_L1_INFLOW'
LDFLAGS=''
LIBOBJS=''
LIBS=''
LTLIBOBJS=''
MESH_REFINEMENT='NO_MESH_REFINEMENT'
MPI_MODE='MPI_PARALLEL'
NSCALARS='0'
OBJEXT='o'
ORDER='3'
PACKAGE_BUGREPORT=''
PACKAGE_NAME=''
PACKAGE_STRING=''
PACKAGE_TARNAME=''
PACKAGE_URL=''
PACKAGE_VERSION=''
PARTICLES_ALGORITHM='NO_PARTICLES'
PATH_SEPARATOR=':'
PRECISION='DOUBLE_PREC'
PROBLEM='mls'
RESISTIVITY_MODE='NO_RESISTIVITY'
ROTATING_FRAME_MODE='NO_ROTATING_FRAME'
SELF_GRAVITY_ALGORITHM='SELF_GRAVITY_NONE'
SELF_GRAVITY_DEFINE='NO_SELF_GRAVITY'
SHEARING_BOX_MODE='NO_SHEARING_BOX'
SHELL='/bin/sh'
SPECIAL_RELATIVITY_MODE='NEWTONIAN'
TIMESTEPPING_MODE='NO_STS'
VISCOSITY_MODE='NO_VISCOSITY'
WARNING1='WARNING! This file has been automatically generated by configure.'
WARNING2='Any changes to it will be overwritten the next time configure is run.'
WRITE_GHOST_MODE='NO_WRITE_GHOST_CELLS'
ac_ct_CC='icx'
bindir='${exec_prefix}/bin'
build_alias=''
datadir='${datarootdir}'
datarootdir='${prefix}/share'
docdir='${datarootdir}/doc/${PACKAGE}'
dvidir='${docdir}'
exec_prefix='${prefix}'
host_alias=''
htmldir='${docdir}'
includedir='${prefix}/include'
infodir='${datarootdir}/info'
libdir='${exec_prefix}/lib'
libexecdir='${exec_prefix}/libexec'
localedir='${datarootdir}/locale'
localstatedir='${prefix}/var'
mandir='${datarootdir}/man'
oldincludedir='/usr/include'
pdfdir='${docdir}'
prefix='/usr/local'
program_transform_name='s,x,x,'
psdir='${docdir}'
sbindir='${exec_prefix}/sbin'
sharedstatedir='${prefix}/com'
sysconfdir='${prefix}/etc'
target_alias=''

## ----------- ##
## confdefs.h. ##
## ----------- ##

/* confdefs.h */
#define PACKAGE_NAME ""
#define PACKAGE_TARNAME ""
#define PACKAGE_VERSION ""
#define PACKAGE_STRING ""
#define PACKAGE_BUGREPORT ""
#define PACKAGE_URL ""
#define HAVE_STRDUP 1
#define STDC_HEADERS 1
#define HAVE_SYS_TYPES_H 1
#define HAVE_SYS_STAT_H 1
#define HAVE_STDLIB_H 1
#define HAVE_STRING_H 1
#define HAVE_MEMORY_H 1
#define HAVE_STRINGS_H 1
#define HAVE_INTTYPES_H 1
#define HAVE_STDINT_H 1
#define HAVE_UNISTD_H 1

configure: exit 0
